[debug] [2024-11-05T00:22:35.755Z] ----------------------------------------------------------------------
[debug] [2024-11-05T00:22:35.757Z] Command:       /usr/local/bin/node /usr/local/bin/firebase deploy
[debug] [2024-11-05T00:22:35.757Z] CLI Version:   13.9.0
[debug] [2024-11-05T00:22:35.758Z] Platform:      linux
[debug] [2024-11-05T00:22:35.758Z] Node Version:  v22.1.0
[debug] [2024-11-05T00:22:35.758Z] Time:          Mon Nov 04 2024 19:22:35 GMT-0500 (Eastern Standard Time)
[debug] [2024-11-05T00:22:35.758Z] ----------------------------------------------------------------------
[debug] 
[debug] [2024-11-05T00:22:35.768Z] >>> [apiv2][query] GET https://firebase-public.firebaseio.com/cli.json [none]
[debug] [2024-11-05T00:22:35.887Z] > command requires scopes: ["email","openid","https://www.googleapis.com/auth/cloudplatformprojects.readonly","https://www.googleapis.com/auth/firebase","https://www.googleapis.com/auth/cloud-platform"]
[debug] [2024-11-05T00:22:35.887Z] > authorizing via signed-in user (sean@datasetcolab.com)
[debug] [2024-11-05T00:22:35.887Z] [iam] checking project sean-mabli for permissions ["firebase.projects.get","firebasehosting.sites.update"]
[debug] [2024-11-05T00:22:35.888Z] > refreshing access token with scopes: []
[debug] [2024-11-05T00:22:35.889Z] >>> [apiv2][query] POST https://www.googleapis.com/oauth2/v3/token [none]
[debug] [2024-11-05T00:22:35.889Z] >>> [apiv2][body] POST https://www.googleapis.com/oauth2/v3/token [omitted]
[debug] [2024-11-05T00:22:36.027Z] <<< [apiv2][status] GET https://firebase-public.firebaseio.com/cli.json 200
[debug] [2024-11-05T00:22:36.027Z] <<< [apiv2][body] GET https://firebase-public.firebaseio.com/cli.json {"cloudBuildErrorAfter":1594252800000,"cloudBuildWarnAfter":1590019200000,"defaultNode10After":1594252800000,"minVersion":"3.0.5","node8DeploysDisabledAfter":1613390400000,"node8RuntimeDisabledAfter":1615809600000,"node8WarnAfter":1600128000000}
[debug] [2024-11-05T00:22:36.110Z] <<< [apiv2][status] POST https://www.googleapis.com/oauth2/v3/token 400
[debug] [2024-11-05T00:22:36.110Z] <<< [apiv2][body] POST https://www.googleapis.com/oauth2/v3/token [omitted]
[debug] [2024-11-05T00:22:36.111Z] [iam] error while checking permissions, command may fail: FirebaseError: Authentication Error: Your credentials are no longer valid. Please run firebase login --reauth

For CI servers and headless environments, generate a new token with firebase login:ci
[debug] [2024-11-05T00:22:36.111Z] > refreshing access token with scopes: []
[debug] [2024-11-05T00:22:36.112Z] >>> [apiv2][query] POST https://www.googleapis.com/oauth2/v3/token [none]
[debug] [2024-11-05T00:22:36.112Z] >>> [apiv2][body] POST https://www.googleapis.com/oauth2/v3/token [omitted]
[debug] [2024-11-05T00:22:36.214Z] <<< [apiv2][status] POST https://www.googleapis.com/oauth2/v3/token 400
[debug] [2024-11-05T00:22:36.214Z] <<< [apiv2][body] POST https://www.googleapis.com/oauth2/v3/token [omitted]
[debug] [2024-11-05T00:22:36.214Z] Authentication Error: Your credentials are no longer valid. Please run firebase login --reauth

For CI servers and headless environments, generate a new token with firebase login:ci
[debug] [2024-11-05T00:22:36.215Z] Specified "public" directory "build" does not exist; Deploy to Hosting site "" may fail or be empty.
[error] 
[error] Error: Assertion failed: resolving hosting target of a site with no site name or target name. This should have caused an error earlier
